0 info it worked if it ends with ok
1 verbose cli [ '/usr/bin/nodejs', '/usr/bin/npm', 'install', 'notepadqq-api' ]
2 info using npm@3.5.2
3 info using node@v4.2.6
4 silly loadCurrentTree Starting
5 silly install loadCurrentTree
6 silly install readLocalPackageData
7 silly fetchPackageMetaData notepadqq-api
8 silly fetchNamedPackageData notepadqq-api
9 silly mapToRegistry name notepadqq-api
10 silly mapToRegistry using default registry
11 silly mapToRegistry registry https://registry.npmjs.org/
12 silly mapToRegistry uri https://registry.npmjs.org/notepadqq-api
13 verbose request uri https://registry.npmjs.org/notepadqq-api
14 verbose request no auth needed
15 info attempt registry request try #1 at 上午9:49:37
16 verbose request id 908fcfe036c65b43
17 verbose etag "55887054-1f1d"
18 verbose lastModified Mon, 22 Jun 2015 20:30:12 GMT
19 http request GET https://registry.npmjs.org/notepadqq-api
20 http 304 https://registry.npmjs.org/notepadqq-api
21 verbose headers { date: 'Mon, 08 Jan 2018 01:49:35 GMT',
21 verbose headers   via: '1.1 varnish',
21 verbose headers   'cache-control': 'max-age=300',
21 verbose headers   etag: '"55887054-1f1d"',
21 verbose headers   age: '31',
21 verbose headers   connection: 'keep-alive',
21 verbose headers   'x-served-by': 'cache-hkg17934-HKG',
21 verbose headers   'x-cache': 'HIT',
21 verbose headers   'x-cache-hits': '1',
21 verbose headers   'x-timer': 'S1515376175.376937,VS0,VE0',
21 verbose headers   vary: 'Accept-Encoding, Accept' }
22 silly get cb [ 304,
22 silly get   { date: 'Mon, 08 Jan 2018 01:49:35 GMT',
22 silly get     via: '1.1 varnish',
22 silly get     'cache-control': 'max-age=300',
22 silly get     etag: '"55887054-1f1d"',
22 silly get     age: '31',
22 silly get     connection: 'keep-alive',
22 silly get     'x-served-by': 'cache-hkg17934-HKG',
22 silly get     'x-cache': 'HIT',
22 silly get     'x-cache-hits': '1',
22 silly get     'x-timer': 'S1515376175.376937,VS0,VE0',
22 silly get     vary: 'Accept-Encoding, Accept' } ]
23 verbose etag https://registry.npmjs.org/notepadqq-api from cache
24 verbose get saving notepadqq-api to /home/alex/.npm/registry.npmjs.org/notepadqq-api/.cache.json
25 silly install normalizeTree
26 silly loadCurrentTree Finishing
27 silly loadIdealTree Starting
28 silly install loadIdealTree
29 silly cloneCurrentTree Starting
30 silly install cloneCurrentTreeToIdealTree
31 silly cloneCurrentTree Finishing
32 silly loadShrinkwrap Starting
33 silly install loadShrinkwrap
34 silly loadShrinkwrap Finishing
35 silly loadAllDepsIntoIdealTree Starting
36 silly install loadAllDepsIntoIdealTree
37 silly resolveWithNewModule notepadqq-api@0.9.5 checking installable status
38 silly cache add args [ 'notepadqq-api', null ]
39 verbose cache add spec notepadqq-api
40 silly cache add parsed spec Result {
40 silly cache add   raw: 'notepadqq-api',
40 silly cache add   scope: null,
40 silly cache add   name: 'notepadqq-api',
40 silly cache add   rawSpec: '',
40 silly cache add   spec: 'latest',
40 silly cache add   type: 'tag' }
41 silly addNamed notepadqq-api@latest
42 verbose addNamed "latest" is being treated as a dist-tag for notepadqq-api
43 info addNameTag [ 'notepadqq-api', 'latest' ]
44 silly mapToRegistry name notepadqq-api
45 silly mapToRegistry using default registry
46 silly mapToRegistry registry https://registry.npmjs.org/
47 silly mapToRegistry uri https://registry.npmjs.org/notepadqq-api
48 verbose addNameTag registry:https://registry.npmjs.org/notepadqq-api not in flight; fetching
49 verbose get https://registry.npmjs.org/notepadqq-api not expired, no request
50 silly addNameTag next cb for notepadqq-api with tag latest
51 silly addNamed notepadqq-api@0.9.5
52 verbose addNamed "0.9.5" is a plain semver version for notepadqq-api
53 silly cache afterAdd notepadqq-api@0.9.5
54 verbose afterAdd /home/alex/.npm/notepadqq-api/0.9.5/package/package.json not in flight; writing
55 verbose afterAdd /home/alex/.npm/notepadqq-api/0.9.5/package/package.json written
56 silly fetchNamedPackageData deasync
57 silly mapToRegistry name deasync
58 silly mapToRegistry using default registry
59 silly mapToRegistry registry https://registry.npmjs.org/
60 silly mapToRegistry uri https://registry.npmjs.org/deasync
61 verbose request uri https://registry.npmjs.org/deasync
62 verbose request no auth needed
63 info attempt registry request try #1 at 上午9:49:38
64 verbose etag "5a32c8e5-7cd6"
65 verbose lastModified Thu, 14 Dec 2017 18:54:29 GMT
66 http request GET https://registry.npmjs.org/deasync
67 http 304 https://registry.npmjs.org/deasync
68 verbose headers { date: 'Mon, 08 Jan 2018 01:49:35 GMT',
68 verbose headers   via: '1.1 varnish',
68 verbose headers   'cache-control': 'max-age=300',
68 verbose headers   etag: '"5a32c8e5-7cd6"',
68 verbose headers   age: '4864',
68 verbose headers   connection: 'keep-alive',
68 verbose headers   'x-served-by': 'cache-hkg17927-HKG',
68 verbose headers   'x-cache': 'HIT',
68 verbose headers   'x-cache-hits': '1',
68 verbose headers   'x-timer': 'S1515376176.625062,VS0,VE0',
68 verbose headers   vary: 'Accept-Encoding, Accept' }
69 silly get cb [ 304,
69 silly get   { date: 'Mon, 08 Jan 2018 01:49:35 GMT',
69 silly get     via: '1.1 varnish',
69 silly get     'cache-control': 'max-age=300',
69 silly get     etag: '"5a32c8e5-7cd6"',
69 silly get     age: '4864',
69 silly get     connection: 'keep-alive',
69 silly get     'x-served-by': 'cache-hkg17927-HKG',
69 silly get     'x-cache': 'HIT',
69 silly get     'x-cache-hits': '1',
69 silly get     'x-timer': 'S1515376176.625062,VS0,VE0',
69 silly get     vary: 'Accept-Encoding, Accept' } ]
70 verbose etag https://registry.npmjs.org/deasync from cache
71 verbose get saving deasync to /home/alex/.npm/registry.npmjs.org/deasync/.cache.json
72 silly resolveWithNewModule deasync@0.1.12 checking installable status
73 silly cache add args [ 'deasync@^0.1.0', null ]
74 verbose cache add spec deasync@^0.1.0
75 silly cache add parsed spec Result {
75 silly cache add   raw: 'deasync@^0.1.0',
75 silly cache add   scope: null,
75 silly cache add   name: 'deasync',
75 silly cache add   rawSpec: '^0.1.0',
75 silly cache add   spec: '>=0.1.0 <0.2.0',
75 silly cache add   type: 'range' }
76 silly addNamed deasync@>=0.1.0 <0.2.0
77 verbose addNamed ">=0.1.0 <0.2.0" is a valid semver range for deasync
78 silly addNameRange { name: 'deasync', range: '>=0.1.0 <0.2.0', hasData: false }
79 silly mapToRegistry name deasync
80 silly mapToRegistry using default registry
81 silly mapToRegistry registry https://registry.npmjs.org/
82 silly mapToRegistry uri https://registry.npmjs.org/deasync
83 verbose addNameRange registry:https://registry.npmjs.org/deasync not in flight; fetching
84 verbose get https://registry.npmjs.org/deasync not expired, no request
85 silly addNameRange number 2 { name: 'deasync', range: '>=0.1.0 <0.2.0', hasData: true }
86 silly addNameRange versions [ 'deasync',
86 silly addNameRange   [ '0.0.3',
86 silly addNameRange     '0.0.4',
86 silly addNameRange     '0.0.5',
86 silly addNameRange     '0.0.6',
86 silly addNameRange     '0.0.7',
86 silly addNameRange     '0.0.8',
86 silly addNameRange     '0.0.9',
86 silly addNameRange     '0.0.10',
86 silly addNameRange     '0.1.0',
86 silly addNameRange     '0.1.1',
86 silly addNameRange     '0.1.2',
86 silly addNameRange     '0.1.3',
86 silly addNameRange     '0.1.4',
86 silly addNameRange     '0.1.5',
86 silly addNameRange     '0.1.6',
86 silly addNameRange     '0.1.7',
86 silly addNameRange     '0.1.8',
86 silly addNameRange     '0.1.9',
86 silly addNameRange     '0.1.10',
86 silly addNameRange     '0.1.11',
86 silly addNameRange     '0.1.12' ] ]
87 silly addNamed deasync@0.1.12
88 verbose addNamed "0.1.12" is a plain semver version for deasync
89 silly cache afterAdd deasync@0.1.12
90 verbose afterAdd /home/alex/.npm/deasync/0.1.12/package/package.json not in flight; writing
91 verbose afterAdd /home/alex/.npm/deasync/0.1.12/package/package.json written
92 silly fetchNamedPackageData bindings
93 silly mapToRegistry name bindings
94 silly mapToRegistry using default registry
95 silly mapToRegistry registry https://registry.npmjs.org/
96 silly mapToRegistry uri https://registry.npmjs.org/bindings
97 silly fetchNamedPackageData nan
98 silly mapToRegistry name nan
99 silly mapToRegistry using default registry
100 silly mapToRegistry registry https://registry.npmjs.org/
101 silly mapToRegistry uri https://registry.npmjs.org/nan
102 verbose request uri https://registry.npmjs.org/bindings
103 verbose request no auth needed
104 info attempt registry request try #1 at 上午9:49:38
105 verbose etag "5a1d3205-4c42"
106 verbose lastModified Tue, 28 Nov 2017 9:53:09 GMT
107 http request GET https://registry.npmjs.org/bindings
108 verbose request uri https://registry.npmjs.org/nan
109 verbose request no auth needed
110 info attempt registry request try #1 at 上午9:49:38
111 verbose etag "5a3ad7f1-20c2f"
112 verbose lastModified Wed, 20 Dec 2017 21:36:49 GMT
113 http request GET https://registry.npmjs.org/nan
114 http 304 https://registry.npmjs.org/bindings
115 verbose headers { date: 'Mon, 08 Jan 2018 01:49:35 GMT',
115 verbose headers   via: '1.1 varnish',
115 verbose headers   'cache-control': 'max-age=300',
115 verbose headers   etag: '"5a1d3205-4c42"',
115 verbose headers   age: '2428',
115 verbose headers   connection: 'keep-alive',
115 verbose headers   'x-served-by': 'cache-hkg17935-HKG',
115 verbose headers   'x-cache': 'HIT',
115 verbose headers   'x-cache-hits': '2',
115 verbose headers   'x-timer': 'S1515376176.843215,VS0,VE0',
115 verbose headers   vary: 'Accept-Encoding, Accept' }
116 silly get cb [ 304,
116 silly get   { date: 'Mon, 08 Jan 2018 01:49:35 GMT',
116 silly get     via: '1.1 varnish',
116 silly get     'cache-control': 'max-age=300',
116 silly get     etag: '"5a1d3205-4c42"',
116 silly get     age: '2428',
116 silly get     connection: 'keep-alive',
116 silly get     'x-served-by': 'cache-hkg17935-HKG',
116 silly get     'x-cache': 'HIT',
116 silly get     'x-cache-hits': '2',
116 silly get     'x-timer': 'S1515376176.843215,VS0,VE0',
116 silly get     vary: 'Accept-Encoding, Accept' } ]
117 verbose etag https://registry.npmjs.org/bindings from cache
118 verbose get saving bindings to /home/alex/.npm/registry.npmjs.org/bindings/.cache.json
119 silly resolveWithNewModule bindings@1.2.1 checking installable status
120 silly cache add args [ 'bindings@~1.2.1', null ]
121 verbose cache add spec bindings@~1.2.1
122 silly cache add parsed spec Result {
122 silly cache add   raw: 'bindings@~1.2.1',
122 silly cache add   scope: null,
122 silly cache add   name: 'bindings',
122 silly cache add   rawSpec: '~1.2.1',
122 silly cache add   spec: '>=1.2.1 <1.3.0',
122 silly cache add   type: 'range' }
123 silly addNamed bindings@>=1.2.1 <1.3.0
124 verbose addNamed ">=1.2.1 <1.3.0" is a valid semver range for bindings
125 silly addNameRange { name: 'bindings', range: '>=1.2.1 <1.3.0', hasData: false }
126 silly mapToRegistry name bindings
127 silly mapToRegistry using default registry
128 silly mapToRegistry registry https://registry.npmjs.org/
129 silly mapToRegistry uri https://registry.npmjs.org/bindings
130 verbose addNameRange registry:https://registry.npmjs.org/bindings not in flight; fetching
131 verbose get https://registry.npmjs.org/bindings not expired, no request
132 silly addNameRange number 2 { name: 'bindings', range: '>=1.2.1 <1.3.0', hasData: true }
133 silly addNameRange versions [ 'bindings',
133 silly addNameRange   [ '0.0.1',
133 silly addNameRange     '0.1.0',
133 silly addNameRange     '0.1.1',
133 silly addNameRange     '0.2.0',
133 silly addNameRange     '0.2.1',
133 silly addNameRange     '0.2.2',
133 silly addNameRange     '0.2.3',
133 silly addNameRange     '0.2.4',
133 silly addNameRange     '0.3.0',
133 silly addNameRange     '0.4.0',
133 silly addNameRange     '1.0.0',
133 silly addNameRange     '1.1.0',
133 silly addNameRange     '1.1.1',
133 silly addNameRange     '1.2.0',
133 silly addNameRange     '1.2.1',
133 silly addNameRange     '1.3.0' ] ]
134 silly addNamed bindings@1.2.1
135 verbose addNamed "1.2.1" is a plain semver version for bindings
136 silly cache afterAdd bindings@1.2.1
137 verbose afterAdd /home/alex/.npm/bindings/1.2.1/package/package.json not in flight; writing
138 verbose afterAdd /home/alex/.npm/bindings/1.2.1/package/package.json written
139 http 304 https://registry.npmjs.org/nan
140 verbose headers { date: 'Mon, 08 Jan 2018 01:49:50 GMT',
140 verbose headers   via: '1.1 varnish',
140 verbose headers   'cache-control': 'max-age=300',
140 verbose headers   etag: '"5a3ad7f1-20c2f"',
140 verbose headers   age: '3552',
140 verbose headers   connection: 'keep-alive',
140 verbose headers   'x-served-by': 'cache-hkg17931-HKG',
140 verbose headers   'x-cache': 'HIT',
140 verbose headers   'x-cache-hits': '5',
140 verbose headers   'x-timer': 'S1515376191.891950,VS0,VE0',
140 verbose headers   vary: 'Accept-Encoding, Accept' }
141 silly get cb [ 304,
141 silly get   { date: 'Mon, 08 Jan 2018 01:49:50 GMT',
141 silly get     via: '1.1 varnish',
141 silly get     'cache-control': 'max-age=300',
141 silly get     etag: '"5a3ad7f1-20c2f"',
141 silly get     age: '3552',
141 silly get     connection: 'keep-alive',
141 silly get     'x-served-by': 'cache-hkg17931-HKG',
141 silly get     'x-cache': 'HIT',
141 silly get     'x-cache-hits': '5',
141 silly get     'x-timer': 'S1515376191.891950,VS0,VE0',
141 silly get     vary: 'Accept-Encoding, Accept' } ]
142 verbose etag https://registry.npmjs.org/nan from cache
143 verbose get saving nan to /home/alex/.npm/registry.npmjs.org/nan/.cache.json
144 silly resolveWithNewModule nan@2.8.0 checking installable status
145 silly cache add args [ 'nan@^2.0.7', null ]
146 verbose cache add spec nan@^2.0.7
147 silly cache add parsed spec Result {
147 silly cache add   raw: 'nan@^2.0.7',
147 silly cache add   scope: null,
147 silly cache add   name: 'nan',
147 silly cache add   rawSpec: '^2.0.7',
147 silly cache add   spec: '>=2.0.7 <3.0.0',
147 silly cache add   type: 'range' }
148 silly addNamed nan@>=2.0.7 <3.0.0
149 verbose addNamed ">=2.0.7 <3.0.0" is a valid semver range for nan
150 silly addNameRange { name: 'nan', range: '>=2.0.7 <3.0.0', hasData: false }
151 silly mapToRegistry name nan
152 silly mapToRegistry using default registry
153 silly mapToRegistry registry https://registry.npmjs.org/
154 silly mapToRegistry uri https://registry.npmjs.org/nan
155 verbose addNameRange registry:https://registry.npmjs.org/nan not in flight; fetching
156 verbose get https://registry.npmjs.org/nan not expired, no request
157 silly addNameRange number 2 { name: 'nan', range: '>=2.0.7 <3.0.0', hasData: true }
158 silly addNameRange versions [ 'nan',
158 silly addNameRange   [ '0.3.0-wip',
158 silly addNameRange     '0.3.0-wip2',
158 silly addNameRange     '0.3.0',
158 silly addNameRange     '0.3.1',
158 silly addNameRange     '0.3.2',
158 silly addNameRange     '0.4.0',
158 silly addNameRange     '0.4.1',
158 silly addNameRange     '0.4.2',
158 silly addNameRange     '0.4.3',
158 silly addNameRange     '0.4.4',
158 silly addNameRange     '0.5.0',
158 silly addNameRange     '0.5.1',
158 silly addNameRange     '0.5.2',
158 silly addNameRange     '0.6.0',
158 silly addNameRange     '0.7.0',
158 silly addNameRange     '0.7.1',
158 silly addNameRange     '0.8.0',
158 silly addNameRange     '1.0.0',
158 silly addNameRange     '1.1.0',
158 silly addNameRange     '1.1.1',
158 silly addNameRange     '1.1.2',
158 silly addNameRange     '1.2.0',
158 silly addNameRange     '1.3.0',
158 silly addNameRange     '1.4.0',
158 silly addNameRange     '1.4.1',
158 silly addNameRange     '1.5.0',
158 silly addNameRange     '1.4.2',
158 silly addNameRange     '1.4.3',
158 silly addNameRange     '1.5.1',
158 silly addNameRange     '1.5.2',
158 silly addNameRange     '1.6.0',
158 silly addNameRange     '1.5.3',
158 silly addNameRange     '1.6.1',
158 silly addNameRange     '1.6.2',
158 silly addNameRange     '1.7.0',
158 silly addNameRange     '1.8.0',
158 silly addNameRange     '1.8.1',
158 silly addNameRange     '1.8.2',
158 silly addNameRange     '1.8.3',
158 silly addNameRange     '1.8.4',
158 silly addNameRange     '1.9.0',
158 silly addNameRange     '2.0.0',
158 silly addNameRange     '2.0.1',
158 silly addNameRange     '2.0.2',
158 silly addNameRange     '2.0.3',
158 silly addNameRange     '2.0.4',
158 silly addNameRange     '2.0.5',
158 silly addNameRange     '2.0.6',
158 silly addNameRange     '2.0.7',
158 silly addNameRange     '2.0.8',
158 silly addNameRange     '2.0.9',
158 silly addNameRange     '2.1.0',
158 silly addNameRange     '2.2.0',
158 silly addNameRange     '2.2.1',
158 silly addNameRange     '2.3.0',
158 silly addNameRange     '2.3.1',
158 silly addNameRange     '2.3.2',
158 silly addNameRange     '2.3.3',
158 silly addNameRange     '2.3.4',
158 silly addNameRange     '2.3.5',
158 silly addNameRange     '2.4.0',
158 silly addNameRange     '2.5.0',
158 silly addNameRange     '2.5.1',
158 silly addNameRange     '2.6.0',
158 silly addNameRange     '2.6.1',
158 silly addNameRange     '2.6.2',
158 silly addNameRange     '2.7.0',
158 silly addNameRange     '2.8.0' ] ]
159 silly addNamed nan@2.8.0
160 verbose addNamed "2.8.0" is a plain semver version for nan
161 silly cache afterAdd nan@2.8.0
162 verbose afterAdd /home/alex/.npm/nan/2.8.0/package/package.json not in flight; writing
163 verbose afterAdd /home/alex/.npm/nan/2.8.0/package/package.json written
164 silly loadAllDepsIntoIdealTree Finishing
165 silly idealTree:prePrune hw2
165 silly idealTree:prePrune ├── bindings@1.2.1
165 silly idealTree:prePrune ├── deasync@0.1.12
165 silly idealTree:prePrune ├── nan@2.8.0
165 silly idealTree:prePrune └── notepadqq-api@0.9.5
166 silly loadIdealTree Finishing
167 silly currentTree hw2
168 silly idealTree hw2
168 silly idealTree ├── bindings@1.2.1
168 silly idealTree ├── deasync@0.1.12
168 silly idealTree ├── nan@2.8.0
168 silly idealTree └── notepadqq-api@0.9.5
169 silly generateActionsToTake Starting
170 silly install generateActionsToTake
171 silly generateActionsToTake Finishing
172 silly diffTrees action count 4
173 silly diffTrees add bindings@1.2.1
174 silly diffTrees add nan@2.8.0
175 silly diffTrees add deasync@0.1.12
176 silly diffTrees add notepadqq-api@0.9.5
177 silly decomposeActions action count 32
178 silly decomposeActions fetch bindings@1.2.1
179 silly decomposeActions extract bindings@1.2.1
180 silly decomposeActions test bindings@1.2.1
181 silly decomposeActions preinstall bindings@1.2.1
182 silly decomposeActions build bindings@1.2.1
183 silly decomposeActions install bindings@1.2.1
184 silly decomposeActions postinstall bindings@1.2.1
185 silly decomposeActions finalize bindings@1.2.1
186 silly decomposeActions fetch nan@2.8.0
187 silly decomposeActions extract nan@2.8.0
188 silly decomposeActions test nan@2.8.0
189 silly decomposeActions preinstall nan@2.8.0
190 silly decomposeActions build nan@2.8.0
191 silly decomposeActions install nan@2.8.0
192 silly decomposeActions postinstall nan@2.8.0
193 silly decomposeActions finalize nan@2.8.0
194 silly decomposeActions fetch deasync@0.1.12
195 silly decomposeActions extract deasync@0.1.12
196 silly decomposeActions test deasync@0.1.12
197 silly decomposeActions preinstall deasync@0.1.12
198 silly decomposeActions build deasync@0.1.12
199 silly decomposeActions install deasync@0.1.12
200 silly decomposeActions postinstall deasync@0.1.12
201 silly decomposeActions finalize deasync@0.1.12
202 silly decomposeActions fetch notepadqq-api@0.9.5
203 silly decomposeActions extract notepadqq-api@0.9.5
204 silly decomposeActions test notepadqq-api@0.9.5
205 silly decomposeActions preinstall notepadqq-api@0.9.5
206 silly decomposeActions build notepadqq-api@0.9.5
207 silly decomposeActions install notepadqq-api@0.9.5
208 silly decomposeActions postinstall notepadqq-api@0.9.5
209 silly decomposeActions finalize notepadqq-api@0.9.5
210 silly executeActions Starting
211 silly install executeActions
212 silly doSerial global-install 0
213 silly doParallel fetch 4
214 verbose lock using /home/alex/.npm/_locks/staging-a25cdb196c97a93c.lock for /home/alex/git/hw2/node_modules/.staging
215 silly doParallel extract 4
216 silly extract bindings@1.2.1
217 silly extract nan@2.8.0
218 silly extract deasync@0.1.12
219 silly extract notepadqq-api@0.9.5
220 verbose unbuild node_modules/.staging/bindings-21ffdcdb
221 verbose unbuild node_modules/.staging/nan-3baf8cde
222 verbose unbuild node_modules/.staging/deasync-b0171638
223 verbose unbuild node_modules/.staging/notepadqq-api-359b0c2b
224 silly gentlyRm /home/alex/git/hw2/node_modules/.staging/bindings-21ffdcdb is being purged from base /home/alex/git/hw2
225 verbose gentlyRm don't care about contents; nuking /home/alex/git/hw2/node_modules/.staging/bindings-21ffdcdb
226 silly gentlyRm /home/alex/git/hw2/node_modules/.staging/nan-3baf8cde is being purged from base /home/alex/git/hw2
227 verbose gentlyRm don't care about contents; nuking /home/alex/git/hw2/node_modules/.staging/nan-3baf8cde
228 silly gentlyRm /home/alex/git/hw2/node_modules/.staging/deasync-b0171638 is being purged from base /home/alex/git/hw2
229 verbose gentlyRm don't care about contents; nuking /home/alex/git/hw2/node_modules/.staging/deasync-b0171638
230 silly gentlyRm /home/alex/git/hw2/node_modules/.staging/notepadqq-api-359b0c2b is being purged from base /home/alex/git/hw2
231 verbose gentlyRm don't care about contents; nuking /home/alex/git/hw2/node_modules/.staging/notepadqq-api-359b0c2b
232 verbose tar unpack /home/alex/.npm/bindings/1.2.1/package.tgz
233 verbose tar unpacking to /home/alex/git/hw2/node_modules/.staging/bindings-21ffdcdb
234 silly gentlyRm /home/alex/git/hw2/node_modules/.staging/bindings-21ffdcdb is being purged
235 verbose gentlyRm don't care about contents; nuking /home/alex/git/hw2/node_modules/.staging/bindings-21ffdcdb
236 verbose tar unpack /home/alex/.npm/nan/2.8.0/package.tgz
237 verbose tar unpacking to /home/alex/git/hw2/node_modules/.staging/nan-3baf8cde
238 silly gentlyRm /home/alex/git/hw2/node_modules/.staging/nan-3baf8cde is being purged
239 verbose gentlyRm don't care about contents; nuking /home/alex/git/hw2/node_modules/.staging/nan-3baf8cde
240 verbose tar unpack /home/alex/.npm/deasync/0.1.12/package.tgz
241 verbose tar unpacking to /home/alex/git/hw2/node_modules/.staging/deasync-b0171638
242 silly gentlyRm /home/alex/git/hw2/node_modules/.staging/deasync-b0171638 is being purged
243 verbose gentlyRm don't care about contents; nuking /home/alex/git/hw2/node_modules/.staging/deasync-b0171638
244 verbose tar unpack /home/alex/.npm/notepadqq-api/0.9.5/package.tgz
245 verbose tar unpacking to /home/alex/git/hw2/node_modules/.staging/notepadqq-api-359b0c2b
246 silly gentlyRm /home/alex/git/hw2/node_modules/.staging/notepadqq-api-359b0c2b is being purged
247 verbose gentlyRm don't care about contents; nuking /home/alex/git/hw2/node_modules/.staging/notepadqq-api-359b0c2b
248 silly gunzTarPerm modes [ '755', '644' ]
249 silly gunzTarPerm modes [ '755', '644' ]
250 silly gunzTarPerm modes [ '755', '644' ]
251 silly gunzTarPerm modes [ '755', '644' ]
252 silly gunzTarPerm extractEntry package.json
253 silly gunzTarPerm extractEntry package.json
254 silly gunzTarPerm modified mode [ 'package.json', 436, 420 ]
255 silly gunzTarPerm extractEntry package.json
256 silly gunzTarPerm modified mode [ 'package.json', 438, 420 ]
257 silly gunzTarPerm extractEntry package.json
258 silly gunzTarPerm modified mode [ 'package.json', 436, 420 ]
259 silly gunzTarPerm extractEntry README.md
260 silly gunzTarPerm extractEntry bindings.js
261 silly gunzTarPerm extractEntry README.md
262 silly gunzTarPerm modified mode [ 'README.md', 436, 420 ]
263 silly gunzTarPerm extractEntry include_dirs.js
264 silly gunzTarPerm modified mode [ 'include_dirs.js', 436, 420 ]
265 silly gunzTarPerm extractEntry binding.gyp
266 silly gunzTarPerm modified mode [ 'binding.gyp', 438, 420 ]
267 silly gunzTarPerm extractEntry build.js
268 silly gunzTarPerm modified mode [ 'build.js', 438, 420 ]
269 silly gunzTarPerm extractEntry .npmignore
270 silly gunzTarPerm modified mode [ '.npmignore', 436, 420 ]
271 silly gunzTarPerm extractEntry README.md
272 silly gunzTarPerm modified mode [ 'README.md', 436, 420 ]
273 silly gunzTarPerm extractEntry nan_converters_43_inl.h
274 silly gunzTarPerm modified mode [ 'nan_converters_43_inl.h', 436, 420 ]
275 silly gunzTarPerm extractEntry LICENSE.md
276 silly gunzTarPerm modified mode [ 'LICENSE.md', 436, 420 ]
277 silly gunzTarPerm extractEntry doc/new.md
278 silly gunzTarPerm modified mode [ 'doc/new.md', 436, 420 ]
279 silly gunzTarPerm extractEntry index.js
280 silly gunzTarPerm modified mode [ 'index.js', 438, 420 ]
281 silly gunzTarPerm extractEntry quick-test.js
282 silly gunzTarPerm modified mode [ 'quick-test.js', 438, 420 ]
283 silly gunzTarPerm extractEntry LICENSE
284 silly gunzTarPerm modified mode [ 'LICENSE', 436, 420 ]
285 silly gunzTarPerm extractEntry index.js
286 silly gunzTarPerm modified mode [ 'index.js', 436, 420 ]
287 silly gunzTarPerm extractEntry doc/asyncworker.md
288 silly gunzTarPerm modified mode [ 'doc/asyncworker.md', 436, 420 ]
289 silly gunzTarPerm extractEntry README.md
290 silly gunzTarPerm modified mode [ 'README.md', 438, 420 ]
291 silly gunzTarPerm extractEntry test.js
292 silly gunzTarPerm modified mode [ 'test.js', 438, 420 ]
293 silly gunzTarPerm extractEntry lib/data_channel.js
294 silly gunzTarPerm modified mode [ 'lib/data_channel.js', 436, 420 ]
295 silly gunzTarPerm extractEntry lib/message_error.js
296 silly gunzTarPerm modified mode [ 'lib/message_error.js', 436, 420 ]
297 silly gunzTarPerm extractEntry doc/callback.md
298 silly gunzTarPerm modified mode [ 'doc/callback.md', 436, 420 ]
299 silly gunzTarPerm extractEntry doc/converters.md
300 silly gunzTarPerm modified mode [ 'doc/converters.md', 436, 420 ]
301 silly gunzTarPerm extractEntry bin/darwin-x64-node-0.10/deasync.node
302 silly gunzTarPerm modified mode [ 'bin/darwin-x64-node-0.10/deasync.node', 438, 420 ]
303 silly gunzTarPerm extractEntry bin/darwin-x64-node-0.11/deasync.node
304 silly gunzTarPerm modified mode [ 'bin/darwin-x64-node-0.11/deasync.node', 438, 420 ]
305 silly gunzTarPerm extractEntry lib/message_interpreter.js
306 silly gunzTarPerm modified mode [ 'lib/message_interpreter.js', 436, 420 ]
307 silly gunzTarPerm extractEntry lib/notepadqq_api.js
308 silly gunzTarPerm modified mode [ 'lib/notepadqq_api.js', 436, 420 ]
309 silly gunzTarPerm extractEntry lib/stubs.js
310 silly gunzTarPerm modified mode [ 'lib/stubs.js', 436, 420 ]
311 silly gunzTarPerm extractEntry doc/errors.md
312 silly gunzTarPerm modified mode [ 'doc/errors.md', 436, 420 ]
313 silly gunzTarPerm extractEntry doc/json.md
314 silly gunzTarPerm modified mode [ 'doc/json.md', 436, 420 ]
315 silly gunzTarPerm extractEntry bin/darwin-x64-node-0.12/deasync.node
316 silly gunzTarPerm modified mode [ 'bin/darwin-x64-node-0.12/deasync.node', 438, 420 ]
317 silly gunzTarPerm extractEntry bin/darwin-x64-node-4/deasync.node
318 silly gunzTarPerm modified mode [ 'bin/darwin-x64-node-4/deasync.node', 438, 420 ]
319 silly gunzTarPerm extractEntry doc/maybe_types.md
320 silly gunzTarPerm modified mode [ 'doc/maybe_types.md', 436, 420 ]
321 silly gunzTarPerm extractEntry doc/methods.md
322 silly gunzTarPerm modified mode [ 'doc/methods.md', 436, 420 ]
323 silly gentlyRm /home/alex/git/hw2/node_modules/.staging/bindings-21ffdcdb/node_modules is being purged
324 verbose gentlyRm don't care about contents; nuking /home/alex/git/hw2/node_modules/.staging/bindings-21ffdcdb/node_modules
325 silly gunzTarPerm extractEntry bin/darwin-x64-node-5/deasync.node
326 silly gunzTarPerm modified mode [ 'bin/darwin-x64-node-5/deasync.node', 438, 420 ]
327 silly gunzTarPerm extractEntry bin/darwin-x64-node-6/deasync.node
328 silly gunzTarPerm modified mode [ 'bin/darwin-x64-node-6/deasync.node', 438, 420 ]
329 silly gunzTarPerm extractEntry doc/buffers.md
330 silly gunzTarPerm modified mode [ 'doc/buffers.md', 436, 420 ]
331 silly gunzTarPerm extractEntry doc/node_misc.md
332 silly gunzTarPerm modified mode [ 'doc/node_misc.md', 436, 420 ]
333 silly gunzTarPerm extractEntry bin/darwin-x64-node-7/deasync.node
334 silly gunzTarPerm modified mode [ 'bin/darwin-x64-node-7/deasync.node', 438, 420 ]
335 silly gunzTarPerm extractEntry bin/darwin-x64-node-8/deasync.node
336 silly gunzTarPerm modified mode [ 'bin/darwin-x64-node-8/deasync.node', 438, 420 ]
337 silly gunzTarPerm extractEntry doc/object_wrappers.md
338 silly gunzTarPerm modified mode [ 'doc/object_wrappers.md', 436, 420 ]
339 silly gunzTarPerm extractEntry doc/persistent.md
340 silly gunzTarPerm modified mode [ 'doc/persistent.md', 436, 420 ]
341 silly gunzTarPerm extractEntry bin/darwin-x64-node-9/deasync.node
342 silly gunzTarPerm modified mode [ 'bin/darwin-x64-node-9/deasync.node', 438, 420 ]
343 silly gunzTarPerm extractEntry bin/linux-ia32-node-0.10/deasync.node
344 silly gunzTarPerm modified mode [ 'bin/linux-ia32-node-0.10/deasync.node', 438, 420 ]
345 silly gunzTarPerm extractEntry doc/scopes.md
346 silly gunzTarPerm modified mode [ 'doc/scopes.md', 436, 420 ]
347 silly gunzTarPerm extractEntry doc/script.md
348 silly gunzTarPerm modified mode [ 'doc/script.md', 436, 420 ]
349 silly gunzTarPerm extractEntry doc/string_bytes.md
350 silly gunzTarPerm modified mode [ 'doc/string_bytes.md', 436, 420 ]
351 silly gunzTarPerm extractEntry bin/linux-ia32-node-0.11/deasync.node
352 silly gunzTarPerm modified mode [ 'bin/linux-ia32-node-0.11/deasync.node', 438, 420 ]
353 silly gunzTarPerm extractEntry bin/linux-ia32-node-0.12/deasync.node
354 silly gunzTarPerm modified mode [ 'bin/linux-ia32-node-0.12/deasync.node', 438, 420 ]
355 silly gunzTarPerm extractEntry doc/v8_internals.md
356 silly gunzTarPerm modified mode [ 'doc/v8_internals.md', 436, 420 ]
357 silly gunzTarPerm extractEntry doc/v8_misc.md
358 silly gunzTarPerm modified mode [ 'doc/v8_misc.md', 436, 420 ]
359 silly gunzTarPerm extractEntry nan.h
360 silly gunzTarPerm modified mode [ 'nan.h', 436, 420 ]
361 silly gunzTarPerm extractEntry bin/linux-ia32-node-4/deasync.node
362 silly gunzTarPerm modified mode [ 'bin/linux-ia32-node-4/deasync.node', 438, 420 ]
363 silly gunzTarPerm extractEntry bin/linux-ia32-node-5/deasync.node
364 silly gunzTarPerm modified mode [ 'bin/linux-ia32-node-5/deasync.node', 438, 420 ]
365 silly gunzTarPerm extractEntry nan_callbacks.h
366 silly gunzTarPerm modified mode [ 'nan_callbacks.h', 436, 420 ]
367 silly gunzTarPerm extractEntry nan_callbacks_12_inl.h
368 silly gunzTarPerm modified mode [ 'nan_callbacks_12_inl.h', 436, 420 ]
369 silly gunzTarPerm extractEntry bin/linux-ia32-node-6/deasync.node
370 silly gunzTarPerm modified mode [ 'bin/linux-ia32-node-6/deasync.node', 438, 420 ]
371 silly gunzTarPerm extractEntry bin/linux-ia32-node-7/deasync.node
372 silly gunzTarPerm modified mode [ 'bin/linux-ia32-node-7/deasync.node', 438, 420 ]
373 silly gunzTarPerm extractEntry nan_callbacks_pre_12_inl.h
374 silly gunzTarPerm modified mode [ 'nan_callbacks_pre_12_inl.h', 436, 420 ]
375 silly gunzTarPerm extractEntry nan_converters.h
376 silly gunzTarPerm modified mode [ 'nan_converters.h', 436, 420 ]
377 silly gunzTarPerm extractEntry nan_converters_pre_43_inl.h
378 silly gunzTarPerm modified mode [ 'nan_converters_pre_43_inl.h', 436, 420 ]
379 silly gentlyRm /home/alex/git/hw2/node_modules/.staging/notepadqq-api-359b0c2b/node_modules is being purged
380 verbose gentlyRm don't care about contents; nuking /home/alex/git/hw2/node_modules/.staging/notepadqq-api-359b0c2b/node_modules
381 silly gunzTarPerm extractEntry nan_implementation_12_inl.h
382 silly gunzTarPerm modified mode [ 'nan_implementation_12_inl.h', 436, 420 ]
383 silly gunzTarPerm extractEntry bin/linux-ia32-node-8/deasync.node
384 silly gunzTarPerm modified mode [ 'bin/linux-ia32-node-8/deasync.node', 438, 420 ]
385 silly gunzTarPerm extractEntry bin/linux-ia32-node-9/deasync.node
386 silly gunzTarPerm modified mode [ 'bin/linux-ia32-node-9/deasync.node', 438, 420 ]
387 silly gunzTarPerm extractEntry nan_implementation_pre_12_inl.h
388 silly gunzTarPerm modified mode [ 'nan_implementation_pre_12_inl.h', 436, 420 ]
389 silly gunzTarPerm extractEntry nan_json.h
390 silly gunzTarPerm modified mode [ 'nan_json.h', 436, 420 ]
391 silly gunzTarPerm extractEntry nan_maybe_43_inl.h
392 silly gunzTarPerm modified mode [ 'nan_maybe_43_inl.h', 436, 420 ]
393 silly gunzTarPerm extractEntry nan_maybe_pre_43_inl.h
394 silly gunzTarPerm modified mode [ 'nan_maybe_pre_43_inl.h', 436, 420 ]
395 silly gunzTarPerm extractEntry bin/linux-x64-node-0.10/deasync.node
396 silly gunzTarPerm modified mode [ 'bin/linux-x64-node-0.10/deasync.node', 438, 420 ]
397 silly gunzTarPerm extractEntry bin/linux-x64-node-0.11/deasync.node
398 silly gunzTarPerm modified mode [ 'bin/linux-x64-node-0.11/deasync.node', 438, 420 ]
399 silly gunzTarPerm extractEntry nan_new.h
400 silly gunzTarPerm modified mode [ 'nan_new.h', 436, 420 ]
401 silly gunzTarPerm extractEntry nan_object_wrap.h
402 silly gunzTarPerm modified mode [ 'nan_object_wrap.h', 436, 420 ]
403 silly gunzTarPerm extractEntry bin/linux-x64-node-0.12/deasync.node
404 silly gunzTarPerm modified mode [ 'bin/linux-x64-node-0.12/deasync.node', 438, 420 ]
405 silly gunzTarPerm extractEntry bin/linux-x64-node-4/deasync.node
406 silly gunzTarPerm modified mode [ 'bin/linux-x64-node-4/deasync.node', 438, 420 ]
407 silly gunzTarPerm extractEntry nan_persistent_12_inl.h
408 silly gunzTarPerm modified mode [ 'nan_persistent_12_inl.h', 436, 420 ]
409 silly gunzTarPerm extractEntry nan_persistent_pre_12_inl.h
410 silly gunzTarPerm modified mode [ 'nan_persistent_pre_12_inl.h', 436, 420 ]
411 silly gunzTarPerm extractEntry bin/linux-x64-node-5/deasync.node
412 silly gunzTarPerm modified mode [ 'bin/linux-x64-node-5/deasync.node', 438, 420 ]
413 silly gunzTarPerm extractEntry bin/linux-x64-node-6/deasync.node
414 silly gunzTarPerm modified mode [ 'bin/linux-x64-node-6/deasync.node', 438, 420 ]
415 silly gunzTarPerm extractEntry nan_private.h
416 silly gunzTarPerm modified mode [ 'nan_private.h', 436, 420 ]
417 silly gunzTarPerm extractEntry nan_string_bytes.h
418 silly gunzTarPerm modified mode [ 'nan_string_bytes.h', 436, 420 ]
419 silly gunzTarPerm extractEntry bin/linux-x64-node-7/deasync.node
420 silly gunzTarPerm modified mode [ 'bin/linux-x64-node-7/deasync.node', 438, 420 ]
421 silly gunzTarPerm extractEntry bin/linux-x64-node-8/deasync.node
422 silly gunzTarPerm modified mode [ 'bin/linux-x64-node-8/deasync.node', 438, 420 ]
423 silly gunzTarPerm extractEntry nan_typedarray_contents.h
424 silly gunzTarPerm modified mode [ 'nan_typedarray_contents.h', 436, 420 ]
425 silly gunzTarPerm extractEntry nan_weak.h
426 silly gunzTarPerm modified mode [ 'nan_weak.h', 436, 420 ]
427 silly gunzTarPerm extractEntry bin/linux-x64-node-9/deasync.node
428 silly gunzTarPerm modified mode [ 'bin/linux-x64-node-9/deasync.node', 438, 420 ]
429 silly gunzTarPerm extractEntry bin/win32-ia32-node-0.10/deasync.node
430 silly gunzTarPerm modified mode [ 'bin/win32-ia32-node-0.10/deasync.node', 438, 420 ]
431 silly gunzTarPerm extractEntry CHANGELOG.md
432 silly gunzTarPerm modified mode [ 'CHANGELOG.md', 436, 420 ]
433 silly gunzTarPerm extractEntry tools/package.json
434 silly gunzTarPerm modified mode [ 'tools/package.json', 436, 420 ]
435 silly gunzTarPerm extractEntry bin/win32-ia32-node-0.11/deasync.node
436 silly gunzTarPerm modified mode [ 'bin/win32-ia32-node-0.11/deasync.node', 438, 420 ]
437 silly gunzTarPerm extractEntry bin/win32-ia32-node-0.12/deasync.node
438 silly gunzTarPerm modified mode [ 'bin/win32-ia32-node-0.12/deasync.node', 438, 420 ]
439 silly gunzTarPerm extractEntry tools/README.md
440 silly gunzTarPerm modified mode [ 'tools/README.md', 436, 420 ]
441 silly gunzTarPerm extractEntry tools/1to2.js
442 silly gunzTarPerm modified mode [ 'tools/1to2.js', 509, 493 ]
443 silly gunzTarPerm extractEntry bin/win32-ia32-node-4/deasync.node
444 silly gunzTarPerm modified mode [ 'bin/win32-ia32-node-4/deasync.node', 438, 420 ]
445 silly gunzTarPerm extractEntry bin/win32-ia32-node-5/deasync.node
446 silly gunzTarPerm modified mode [ 'bin/win32-ia32-node-5/deasync.node', 438, 420 ]
447 silly gunzTarPerm extractEntry bin/win32-ia32-node-6/deasync.node
448 silly gunzTarPerm modified mode [ 'bin/win32-ia32-node-6/deasync.node', 438, 420 ]
449 silly gunzTarPerm extractEntry bin/win32-ia32-node-7/deasync.node
450 silly gunzTarPerm modified mode [ 'bin/win32-ia32-node-7/deasync.node', 438, 420 ]
451 silly gunzTarPerm extractEntry bin/win32-ia32-node-8/deasync.node
452 silly gunzTarPerm modified mode [ 'bin/win32-ia32-node-8/deasync.node', 438, 420 ]
453 silly gunzTarPerm extractEntry bin/win32-ia32-node-9/deasync.node
454 silly gunzTarPerm modified mode [ 'bin/win32-ia32-node-9/deasync.node', 438, 420 ]
455 silly gunzTarPerm extractEntry bin/win32-x64-node-0.10/deasync.node
456 silly gunzTarPerm modified mode [ 'bin/win32-x64-node-0.10/deasync.node', 438, 420 ]
457 silly gunzTarPerm extractEntry bin/win32-x64-node-0.11/deasync.node
458 silly gunzTarPerm modified mode [ 'bin/win32-x64-node-0.11/deasync.node', 438, 420 ]
459 silly gunzTarPerm extractEntry bin/win32-x64-node-0.12/deasync.node
460 silly gunzTarPerm modified mode [ 'bin/win32-x64-node-0.12/deasync.node', 438, 420 ]
461 silly gunzTarPerm extractEntry bin/win32-x64-node-4/deasync.node
462 silly gunzTarPerm modified mode [ 'bin/win32-x64-node-4/deasync.node', 438, 420 ]
463 silly gunzTarPerm extractEntry bin/win32-x64-node-5/deasync.node
464 silly gunzTarPerm modified mode [ 'bin/win32-x64-node-5/deasync.node', 438, 420 ]
465 silly gunzTarPerm extractEntry bin/win32-x64-node-6/deasync.node
466 silly gunzTarPerm modified mode [ 'bin/win32-x64-node-6/deasync.node', 438, 420 ]
467 silly gunzTarPerm extractEntry bin/win32-x64-node-7/deasync.node
468 silly gunzTarPerm modified mode [ 'bin/win32-x64-node-7/deasync.node', 438, 420 ]
469 silly gunzTarPerm extractEntry bin/win32-x64-node-8/deasync.node
470 silly gunzTarPerm modified mode [ 'bin/win32-x64-node-8/deasync.node', 438, 420 ]
471 silly gunzTarPerm extractEntry bin/win32-x64-node-9/deasync.node
472 silly gunzTarPerm modified mode [ 'bin/win32-x64-node-9/deasync.node', 438, 420 ]
473 silly gunzTarPerm extractEntry src/deasync.cc
474 silly gunzTarPerm modified mode [ 'src/deasync.cc', 438, 420 ]
475 silly gentlyRm /home/alex/git/hw2/node_modules/.staging/nan-3baf8cde/node_modules is being purged
476 verbose gentlyRm don't care about contents; nuking /home/alex/git/hw2/node_modules/.staging/nan-3baf8cde/node_modules
477 silly gentlyRm /home/alex/git/hw2/node_modules/.staging/deasync-b0171638/node_modules is being purged
478 verbose gentlyRm don't care about contents; nuking /home/alex/git/hw2/node_modules/.staging/deasync-b0171638/node_modules
479 silly doParallel preinstall 4
480 silly preinstall bindings@1.2.1 /home/alex/git/hw2/node_modules/.staging/bindings-21ffdcdb
481 info lifecycle bindings@1.2.1~preinstall: bindings@1.2.1
482 silly preinstall nan@2.8.0 /home/alex/git/hw2/node_modules/.staging/nan-3baf8cde
483 info lifecycle nan@2.8.0~preinstall: nan@2.8.0
484 silly preinstall deasync@0.1.12 /home/alex/git/hw2/node_modules/.staging/deasync-b0171638
485 info lifecycle deasync@0.1.12~preinstall: deasync@0.1.12
486 silly preinstall notepadqq-api@0.9.5 /home/alex/git/hw2/node_modules/.staging/notepadqq-api-359b0c2b
487 info lifecycle notepadqq-api@0.9.5~preinstall: notepadqq-api@0.9.5
488 silly lifecycle bindings@1.2.1~preinstall: no script for preinstall, continuing
489 silly lifecycle nan@2.8.0~preinstall: no script for preinstall, continuing
490 silly lifecycle deasync@0.1.12~preinstall: no script for preinstall, continuing
491 silly lifecycle notepadqq-api@0.9.5~preinstall: no script for preinstall, continuing
492 silly doReverseSerial remove 0
493 silly doSerial move 0
494 silly doSerial finalize 4
495 silly finalize /home/alex/git/hw2/node_modules/bindings
496 silly finalize /home/alex/git/hw2/node_modules/nan
497 silly finalize /home/alex/git/hw2/node_modules/deasync
498 silly finalize /home/alex/git/hw2/node_modules/notepadqq-api
499 silly doSerial build 4
500 silly build bindings@1.2.1
501 info linkStuff bindings@1.2.1
502 silly linkStuff bindings@1.2.1 has /home/alex/git/hw2/node_modules as its parent node_modules
503 verbose linkBins bindings@1.2.1
504 verbose linkMans bindings@1.2.1
505 silly build nan@2.8.0
506 info linkStuff nan@2.8.0
507 silly linkStuff nan@2.8.0 has /home/alex/git/hw2/node_modules as its parent node_modules
508 verbose linkBins nan@2.8.0
509 verbose linkMans nan@2.8.0
510 silly build deasync@0.1.12
511 info linkStuff deasync@0.1.12
512 silly linkStuff deasync@0.1.12 has /home/alex/git/hw2/node_modules as its parent node_modules
513 verbose linkBins deasync@0.1.12
514 verbose linkMans deasync@0.1.12
515 silly build notepadqq-api@0.9.5
516 info linkStuff notepadqq-api@0.9.5
517 silly linkStuff notepadqq-api@0.9.5 has /home/alex/git/hw2/node_modules as its parent node_modules
518 verbose linkBins notepadqq-api@0.9.5
519 verbose linkMans notepadqq-api@0.9.5
520 silly doSerial global-link 0
521 silly doParallel update-linked 0
522 silly doSerial install 4
523 silly install bindings@1.2.1 /home/alex/git/hw2/node_modules/.staging/bindings-21ffdcdb
524 info lifecycle bindings@1.2.1~install: bindings@1.2.1
525 silly lifecycle bindings@1.2.1~install: no script for install, continuing
526 silly install nan@2.8.0 /home/alex/git/hw2/node_modules/.staging/nan-3baf8cde
527 info lifecycle nan@2.8.0~install: nan@2.8.0
528 silly lifecycle nan@2.8.0~install: no script for install, continuing
529 silly install deasync@0.1.12 /home/alex/git/hw2/node_modules/.staging/deasync-b0171638
530 info lifecycle deasync@0.1.12~install: deasync@0.1.12
531 verbose lifecycle deasync@0.1.12~install: unsafe-perm in lifecycle false
532 verbose lifecycle deasync@0.1.12~install: PATH: /usr/share/npm/bin/node-gyp-bin:/home/alex/git/hw2/node_modules/deasync/node_modules/.bin:/home/alex/git/hw2/node_modules/.bin:/usr/local/sbin:/usr/local/bin:/usr/sbin:/usr/bin:/sbin:/bin:/snap/bin
533 verbose lifecycle deasync@0.1.12~install: CWD: /home/alex/git/hw2/node_modules/deasync
534 silly lifecycle deasync@0.1.12~install: Args: [ '-c', 'node ./build.js' ]
535 info lifecycle deasync@0.1.12~install: Failed to exec install script
536 verbose unlock done using /home/alex/.npm/_locks/staging-a25cdb196c97a93c.lock for /home/alex/git/hw2/node_modules/.staging
537 silly rollbackFailedOptional Starting
538 silly rollbackFailedOptional Finishing
539 silly runTopLevelLifecycles Starting
540 silly runTopLevelLifecycles Finishing
541 silly install printInstalled
542 warn enoent ENOENT: no such file or directory, open '/home/alex/git/hw2/package.json'
543 warn hw2 No description
544 warn hw2 No repository field.
545 warn hw2 No README data
546 warn hw2 No license field.
547 verbose stack Error: deasync@0.1.12 install: `node ./build.js`
547 verbose stack spawn ENOENT
547 verbose stack     at ChildProcess.<anonymous> (/usr/share/npm/lib/utils/spawn.js:17:16)
547 verbose stack     at emitTwo (events.js:87:13)
547 verbose stack     at ChildProcess.emit (events.js:172:7)
547 verbose stack     at maybeClose (internal/child_process.js:821:16)
547 verbose stack     at Process.ChildProcess._handle.onexit (internal/child_process.js:211:5)
548 verbose pkgid deasync@0.1.12
549 verbose cwd /home/alex/git/hw2
550 error Linux 4.10.0-42-generic
551 error argv "/usr/bin/nodejs" "/usr/bin/npm" "install" "notepadqq-api"
552 error node v4.2.6
553 error npm  v3.5.2
554 error file sh
555 error code ELIFECYCLE
556 error errno ENOENT
557 error syscall spawn
558 error deasync@0.1.12 install: `node ./build.js`
558 error spawn ENOENT
559 error Failed at the deasync@0.1.12 install script 'node ./build.js'.
559 error Make sure you have the latest version of node.js and npm installed.
559 error If you do, this is most likely a problem with the deasync package,
559 error not with npm itself.
559 error Tell the author that this fails on your system:
559 error     node ./build.js
559 error You can get information on how to open an issue for this project with:
559 error     npm bugs deasync
559 error Or if that isn't available, you can get their info via:
559 error     npm owner ls deasync
559 error There is likely additional logging output above.
560 verbose exit [ 1, true ]
